<?xml version="1.0" encoding="UTF-8"?>
<!-- Generated by org.testng.reporters.JUnitReportReporter -->
<testsuite hostname="LAPTOP-6A1QN82L" failures="0" tests="1" name="changePassword_module.TC_ChangePassword_018" time="24.658" errors="0" timestamp="2023-11-01T01:53:40 IST" skipped="0">
  <testcase classname="changePassword_module.TC_ChangePassword_018" name="changePassword" time="24.658"/>
  <system-out/>
</testsuite> <!-- changePassword_module.TC_ChangePassword_018 -->
