<?xml version="1.0" encoding="UTF-8"?>
<!-- Generated by org.testng.reporters.JUnitReportReporter -->
<testsuite hostname="LAPTOP-6A1QN82L" failures="0" tests="1" name="address_module.TC_DeleteAddress_023" time="18.089" errors="0" timestamp="2023-11-03T21:05:14 IST" skipped="0">
  <testcase classname="address_module.TC_DeleteAddress_023" name="DeleteAddress" time="18.089"/>
  <system-out/>
</testsuite> <!-- address_module.TC_DeleteAddress_023 -->
