<?xml version="1.0" encoding="UTF-8"?>
<!-- Generated by org.testng.reporters.JUnitReportReporter -->
<testsuite hostname="LAPTOP-6A1QN82L" failures="0" tests="1" name="wishList_Module.TC_WishList_013" time="14.163" errors="0" timestamp="2023-11-03T20:16:48 IST" skipped="0">
  <testcase classname="wishList_Module.TC_WishList_013" name="AddBooksProductToWishLish" time="14.163"/>
  <system-out/>
</testsuite> <!-- wishList_Module.TC_WishList_013 -->
