<?xml version="1.0" encoding="UTF-8"?>
<!-- Generated by org.testng.reporters.JUnitReportReporter -->
<testsuite hostname="LAPTOP-6A1QN82L" failures="0" tests="1" name="orders_Module.TC_ReOrder_Product_031" time="47.278" errors="0" timestamp="2023-11-03T21:26:41 IST" skipped="0">
  <testcase classname="orders_Module.TC_ReOrder_Product_031" name="reOrderTheOrderedProduct" time="47.278"/>
  <system-out/>
</testsuite> <!-- orders_Module.TC_ReOrder_Product_031 -->
