<?xml version="1.0" encoding="UTF-8"?>
<!-- Generated by org.testng.reporters.JUnitReportReporter -->
<testsuite hostname="LAPTOP-6A1QN82L" failures="0" tests="1" name="my_Account_module.TC_MyAccount_005" time="8.102" errors="0" timestamp="2023-11-03T18:58:11 IST" skipped="0">
  <testcase classname="my_Account_module.TC_MyAccount_005" name="navigateToWishListPage" time="8.102"/>
  <system-out/>
</testsuite> <!-- my_Account_module.TC_MyAccount_005 -->
