<?xml version="1.0" encoding="UTF-8"?>
<!-- Generated by org.testng.reporters.JUnitReportReporter -->
<testsuite hostname="LAPTOP-6A1QN82L" failures="0" tests="1" name="address_module.TC_Add_Address_021" time="27.099" errors="0" timestamp="2023-11-04T21:57:54 IST" skipped="0">
  <testcase classname="address_module.TC_Add_Address_021" name="addAddress" time="27.099"/>
  <system-out/>
</testsuite> <!-- address_module.TC_Add_Address_021 -->
