<?xml version="1.0" encoding="UTF-8"?>
<!-- Generated by org.testng.reporters.JUnitReportReporter -->
<testsuite hostname="LAPTOP-6A1QN82L" failures="0" tests="1" name="my_Account_module.TC_CustomerInfo_019" time="8.719" errors="0" timestamp="2023-11-03T20:46:25 IST" skipped="0">
  <testcase classname="my_Account_module.TC_CustomerInfo_019" name="ViewPersonalDetails" time="8.719"/>
  <system-out/>
</testsuite> <!-- my_Account_module.TC_CustomerInfo_019 -->
