<?xml version="1.0" encoding="UTF-8"?>
<!-- Generated by org.testng.reporters.JUnitReportReporter -->
<testsuite hostname="LAPTOP-6A1QN82L" failures="0" tests="4" name="testDataSample.SampleDataProvider" time="48.771" errors="0" timestamp="2023-11-07T23:22:57 IST" skipped="0">
  <testcase classname="testDataSample.SampleDataProvider" name="registerUser" time="10.347"/>
  <system-out/>
  <testcase classname="testDataSample.SampleDataProvider" name="registerUser" time="9.147"/>
  <system-out/>
  <testcase classname="testDataSample.SampleDataProvider" name="registerUser" time="8.545"/>
  <system-out/>
  <testcase classname="testDataSample.SampleDataProvider" name="registerUser" time="20.732"/>
  <system-out/>
</testsuite> <!-- testDataSample.SampleDataProvider -->
