<?xml version="1.0" encoding="UTF-8"?>
<!-- Generated by org.testng.reporters.JUnitReportReporter -->
<testsuite hostname="LAPTOP-6A1QN82L" failures="0" tests="1" name="address_module.TC_EditAddress_022" time="15.774" errors="0" timestamp="2023-11-03T21:03:07 IST" skipped="0">
  <testcase classname="address_module.TC_EditAddress_022" name="editAddressDetails" time="15.774"/>
  <system-out/>
</testsuite> <!-- address_module.TC_EditAddress_022 -->
