<?xml version="1.0" encoding="UTF-8"?>
<!-- Generated by org.testng.reporters.JUnitReportReporter -->
<testsuite hostname="LAPTOP-6A1QN82L" failures="0" tests="1" name="view_products_module.TC_ViewProducts_016" time="25.311" errors="0" timestamp="2023-11-03T20:30:37 IST" skipped="0">
  <testcase classname="view_products_module.TC_ViewProducts_016" name="viewProductsBasedOnFilter" time="25.311"/>
  <system-out/>
</testsuite> <!-- view_products_module.TC_ViewProducts_016 -->
