<?xml version="1.0" encoding="UTF-8"?>
<!-- Generated by org.testng.reporters.JUnitReportReporter -->
<testsuite hostname="LAPTOP-6A1QN82L" failures="0" tests="1" name="testCaseSample.TC_SampleTestCase_Test" time="6.207" errors="0" timestamp="2023-11-03T16:46:58 IST" skipped="0">
  <testcase classname="testCaseSample.TC_SampleTestCase_Test" name="sample" time="6.207"/>
  <system-out/>
</testsuite> <!-- testCaseSample.TC_SampleTestCase_Test -->
