<?xml version="1.0" encoding="UTF-8"?>
<!-- Generated by org.testng.reporters.JUnitReportReporter -->
<testsuite hostname="LAPTOP-6A1QN82L" failures="0" tests="1" name="shoppingCart_Module.TC_Edit_And_Update_ShoppingCartProductQuantity_025" time="7.142" errors="0" timestamp="2023-11-03T21:09:31 IST" skipped="0">
  <testcase classname="shoppingCart_Module.TC_Edit_And_Update_ShoppingCartProductQuantity_025" name="editAndUpdateShoppingCartProduct" time="7.142"/>
  <system-out/>
</testsuite> <!-- shoppingCart_Module.TC_Edit_And_Update_ShoppingCartProductQuantity_025 -->
