<?xml version="1.0" encoding="UTF-8"?>
<!-- Generated by org.testng.reporters.JUnitReportReporter -->
<testsuite hostname="LAPTOP-6A1QN82L" failures="0" tests="1" name="registration_Module.TC_RegisterToApplication" time="0.000" errors="0" timestamp="2023-11-02T23:42:59 IST" skipped="1">
  <testcase classname="registration_Module.TC_RegisterToApplication" name="userRegistrationToApp" time="0.000">
    <skipped/>
  </testcase> <!-- userRegistrationToApp -->
  <system-out/>
</testsuite> <!-- registration_Module.TC_RegisterToApplication -->
