<?xml version="1.0" encoding="UTF-8"?>
<!-- Generated by org.testng.reporters.JUnitReportReporter -->
<testsuite hostname="LAPTOP-6A1QN82L" failures="0" tests="1" name="shoppingCart_Module.TC_ShoppingCart_012" time="12.111" errors="0" timestamp="2023-11-03T20:14:50 IST" skipped="0">
  <testcase classname="shoppingCart_Module.TC_ShoppingCart_012" name="AddJewerlyProductToCart" time="12.111"/>
  <system-out/>
</testsuite> <!-- shoppingCart_Module.TC_ShoppingCart_012 -->
