<?xml version="1.0" encoding="UTF-8"?>
<!-- Generated by org.testng.reporters.JUnitReportReporter -->
<testsuite hostname="LAPTOP-6A1QN82L" failures="0" tests="1" name="customer_service_module.TC_Customer_Service_006" time="8.602" errors="0" timestamp="2023-11-03T19:02:20 IST" skipped="0">
  <testcase classname="customer_service_module.TC_Customer_Service_006" name="navigateToNewProductsPage" time="8.602"/>
  <system-out/>
</testsuite> <!-- customer_service_module.TC_Customer_Service_006 -->
