<?xml version="1.0" encoding="UTF-8"?>
<!-- Generated by org.testng.reporters.JUnitReportReporter -->
<testsuite hostname="LAPTOP-6A1QN82L" failures="0" tests="1" name="wishList_Module.TC_RemoveWishListProduct_026" time="10.793" errors="0" timestamp="2023-11-03T21:11:15 IST" skipped="0">
  <testcase classname="wishList_Module.TC_RemoveWishListProduct_026" name="removeProductFromWishList" time="10.793"/>
  <system-out/>
</testsuite> <!-- wishList_Module.TC_RemoveWishListProduct_026 -->
