<?xml version="1.0" encoding="UTF-8"?>
<!-- Generated by org.testng.reporters.JUnitReportReporter -->
<testsuite hostname="LAPTOP-6A1QN82L" failures="0" tests="1" name="checkOut_Module.TC_OrderAProduct_030" time="40.579" errors="0" timestamp="2023-11-03T21:20:49 IST" skipped="0">
  <testcase classname="checkOut_Module.TC_OrderAProduct_030" name="OrderProduct" time="40.579"/>
  <system-out/>
</testsuite> <!-- checkOut_Module.TC_OrderAProduct_030 -->
