<?xml version="1.0" encoding="UTF-8"?>
<!-- Generated by org.testng.reporters.JUnitReportReporter -->
<testsuite hostname="LAPTOP-6A1QN82L" failures="0" tests="1" name="customer_service_module.TC_Recently_Viewed_Products_010" time="7.033" errors="0" timestamp="2023-11-03T19:15:18 IST" skipped="0">
  <testcase classname="customer_service_module.TC_Recently_Viewed_Products_010" name="navigateToRecentlyViewedProductsPage" time="7.033"/>
  <system-out/>
</testsuite> <!-- customer_service_module.TC_Recently_Viewed_Products_010 -->
