<?xml version="1.0" encoding="UTF-8"?>
<!-- Generated by org.testng.reporters.JUnitReportReporter -->
<testsuite hostname="LAPTOP-6A1QN82L" failures="0" tests="1" name="shoppingCart_Module.TC_ContinueShopping_029" time="24.964" errors="0" timestamp="2023-11-03T21:17:49 IST" skipped="0">
  <testcase classname="shoppingCart_Module.TC_ContinueShopping_029" name="continueShoppingProductsfromShoppingCart" time="24.964"/>
  <system-out/>
</testsuite> <!-- shoppingCart_Module.TC_ContinueShopping_029 -->
