<?xml version="1.0" encoding="UTF-8"?>
<!-- Generated by org.testng.reporters.JUnitReportReporter -->
<testsuite hostname="LAPTOP-6A1QN82L" failures="0" tests="1" name="compareProductList_module.TC_CompareProductList_014" time="20.652" errors="0" timestamp="2023-11-07T21:46:22 IST" skipped="0">
  <testcase classname="compareProductList_module.TC_CompareProductList_014" name="AddElectronicsProductToCompareProductsList" time="20.652"/>
  <system-out/>
</testsuite> <!-- compareProductList_module.TC_CompareProductList_014 -->
