<?xml version="1.0" encoding="UTF-8"?>
<!-- Generated by org.testng.reporters.JUnitReportReporter -->
<testsuite hostname="LAPTOP-6A1QN82L" failures="0" tests="1" name="shoppingCart_Module.TC_Edit_And_Update_ShoppingCartProduct_025" time="20.152" errors="0" timestamp="2023-11-02T01:35:01 IST" skipped="0">
  <testcase classname="shoppingCart_Module.TC_Edit_And_Update_ShoppingCartProduct_025" name="editAndUpdateShoppingCartProduct" time="20.152"/>
  <system-out/>
</testsuite> <!-- shoppingCart_Module.TC_Edit_And_Update_ShoppingCartProduct_025 -->
