<?xml version="1.0" encoding="UTF-8"?>
<!-- Generated by org.testng.reporters.JUnitReportReporter -->
<testsuite hostname="LAPTOP-6A1QN82L" failures="0" tests="1" name="newsletter_module.TC_Newsletter_008" time="6.547" errors="0" timestamp="2023-11-03T19:07:30 IST" skipped="0">
  <testcase classname="newsletter_module.TC_Newsletter_008" name="SubscribeToNewsletterWithoutEmail" time="6.547"/>
  <system-out/>
</testsuite> <!-- newsletter_module.TC_Newsletter_008 -->
