<?xml version="1.0" encoding="UTF-8"?>
<!-- Generated by org.testng.reporters.JUnitReportReporter -->
<testsuite hostname="LAPTOP-6A1QN82L" failures="0" tests="1" name="customerService_Module.TC_Recently_Viewed_Products_010" time="11.171" errors="0" timestamp="2023-10-31T18:08:19 IST" skipped="0">
  <testcase classname="customerService_Module.TC_Recently_Viewed_Products_010" name="navigateToRecentlyViewedProductsPage" time="11.171"/>
  <system-out/>
</testsuite> <!-- customerService_Module.TC_Recently_Viewed_Products_010 -->
