<?xml version="1.0" encoding="UTF-8"?>
<!-- Generated by org.testng.reporters.JUnitReportReporter -->
<testsuite hostname="LAPTOP-6A1QN82L" failures="0" tests="1" name="shoppingCart_Module.TC_UpdateShoppingCartProduct_028" time="13.837" errors="0" timestamp="2023-11-03T21:15:58 IST" skipped="0">
  <testcase classname="shoppingCart_Module.TC_UpdateShoppingCartProduct_028" name="updateShoppingCartProduct" time="13.837"/>
  <system-out/>
</testsuite> <!-- shoppingCart_Module.TC_UpdateShoppingCartProduct_028 -->
